<?xml version="1.0" encoding="UTF-8"?>
<!-- Generated by org.testng.reporters.JUnitReportReporter -->
<testsuite skipped="0" hostname="DEVMODE-PC" name="Test.TestLogin" tests="1" failures="0" timestamp="22 Dec 2020 03:28:50 GMT" time="19.436" errors="0">
  <testcase name="test1" time="19.436" classname="Test.TestLogin"/>
</testsuite> <!-- Test.TestLogin -->
