<?xml version="1.0" encoding="UTF-8"?>
<!-- Generated by org.testng.reporters.JUnitReportReporter -->
<testsuite skipped="0" hostname="DEVMODE-PC" name="Test.TestLogin" tests="1" failures="0" timestamp="23 Dec 2020 02:41:03 GMT" time="31.660" errors="0">
  <testcase name="test1" time="31.660" classname="Test.TestLogin"/>
</testsuite> <!-- Test.TestLogin -->
